[debug] [2025-08-23T20:50:19.847Z] ----------------------------------------------------------------------
[debug] [2025-08-23T20:50:19.852Z] Command:       C:\Program Files\nodejs\node.exe C:\Users\Dell\AppData\Roaming\npm\node_modules\firebase-tools\lib\bin\firebase.js serve
[debug] [2025-08-23T20:50:19.853Z] CLI Version:   14.14.0
[debug] [2025-08-23T20:50:19.853Z] Platform:      win32
[debug] [2025-08-23T20:50:19.853Z] Node Version:  v22.18.0
[debug] [2025-08-23T20:50:19.854Z] Time:          Sun Aug 24 2025 02:20:19 GMT+0530 (India Standard Time)
[debug] [2025-08-23T20:50:19.854Z] ----------------------------------------------------------------------
[debug] 
[debug] [2025-08-23T20:50:20.438Z] > command requires scopes: ["email","openid","https://www.googleapis.com/auth/cloudplatformprojects.readonly","https://www.googleapis.com/auth/firebase","https://www.googleapis.com/auth/cloud-platform"]
[debug] [2025-08-23T20:50:20.439Z] > authorizing via signed-in user (eduportalofficial1009@gmail.com)
[debug] [2025-08-23T20:50:20.439Z] [iam] checking project eduportal-9d3ed for permissions ["firebase.projects.get"]
[debug] [2025-08-23T20:50:20.440Z] Checked if tokens are valid: true, expires at: 1755985500385
[debug] [2025-08-23T20:50:20.441Z] Checked if tokens are valid: true, expires at: 1755985500385
[debug] [2025-08-23T20:50:20.443Z] >>> [apiv2][query] POST https://cloudresourcemanager.googleapis.com/v1/projects/eduportal-9d3ed:testIamPermissions [none]
[debug] [2025-08-23T20:50:20.443Z] >>> [apiv2][(partial)header] POST https://cloudresourcemanager.googleapis.com/v1/projects/eduportal-9d3ed:testIamPermissions x-goog-quota-user=projects/eduportal-9d3ed
[debug] [2025-08-23T20:50:20.443Z] >>> [apiv2][body] POST https://cloudresourcemanager.googleapis.com/v1/projects/eduportal-9d3ed:testIamPermissions {"permissions":["firebase.projects.get"]}
[debug] [2025-08-23T20:50:22.098Z] <<< [apiv2][status] POST https://cloudresourcemanager.googleapis.com/v1/projects/eduportal-9d3ed:testIamPermissions 200
[debug] [2025-08-23T20:50:22.099Z] <<< [apiv2][body] POST https://cloudresourcemanager.googleapis.com/v1/projects/eduportal-9d3ed:testIamPermissions {"permissions":["firebase.projects.get"]}
[debug] [2025-08-23T20:50:22.104Z] Checked if tokens are valid: true, expires at: 1755985500385
[debug] [2025-08-23T20:50:22.105Z] Checked if tokens are valid: true, expires at: 1755985500385
[debug] [2025-08-23T20:50:22.105Z] >>> [apiv2][query] GET https://serviceusage.googleapis.com/v1/projects/eduportal-9d3ed/services/cloudresourcemanager.googleapis.com [none]
[debug] [2025-08-23T20:50:22.106Z] >>> [apiv2][(partial)header] GET https://serviceusage.googleapis.com/v1/projects/eduportal-9d3ed/services/cloudresourcemanager.googleapis.com x-goog-quota-user=projects/eduportal-9d3ed
[debug] [2025-08-23T20:50:24.359Z] <<< [apiv2][status] GET https://serviceusage.googleapis.com/v1/projects/eduportal-9d3ed/services/cloudresourcemanager.googleapis.com 200
[debug] [2025-08-23T20:50:24.360Z] <<< [apiv2][body] GET https://serviceusage.googleapis.com/v1/projects/eduportal-9d3ed/services/cloudresourcemanager.googleapis.com [omitted]
[debug] [2025-08-23T20:50:24.396Z] Checked if tokens are valid: true, expires at: 1755985500385
[debug] [2025-08-23T20:50:24.397Z] Checked if tokens are valid: true, expires at: 1755985500385
[debug] [2025-08-23T20:50:24.398Z] >>> [apiv2][query] GET https://cloudresourcemanager.googleapis.com/v1/projects/eduportal-9d3ed [none]
[debug] [2025-08-23T20:50:24.734Z] <<< [apiv2][status] GET https://cloudresourcemanager.googleapis.com/v1/projects/eduportal-9d3ed 200
[debug] [2025-08-23T20:50:24.734Z] <<< [apiv2][body] GET https://cloudresourcemanager.googleapis.com/v1/projects/eduportal-9d3ed {"projectNumber":"185373487881","projectId":"eduportal-9d3ed","lifecycleState":"ACTIVE","name":"EduPortal","labels":{"firebase":"enabled","firebase-core":"disabled"},"createTime":"2025-08-22T21:14:39.597829Z"}
[info] 
[info] === Serving from 'C:\Users\Dell\Desktop\eduportal\frontend'...
[info] 
[debug] [2025-08-23T20:50:24.748Z] Checked if tokens are valid: true, expires at: 1755985500385
[debug] [2025-08-23T20:50:24.748Z] Checked if tokens are valid: true, expires at: 1755985500385
[debug] [2025-08-23T20:50:24.749Z] >>> [apiv2][query] GET https://firebasehosting.googleapis.com/v1beta1/projects/eduportal-9d3ed/sites 
[debug] [2025-08-23T20:50:26.397Z] <<< [apiv2][status] GET https://firebasehosting.googleapis.com/v1beta1/projects/eduportal-9d3ed/sites 200
[debug] [2025-08-23T20:50:26.398Z] <<< [apiv2][body] GET https://firebasehosting.googleapis.com/v1beta1/projects/eduportal-9d3ed/sites {"sites":[{"name":"projects/eduportal-9d3ed/sites/eduportal-9d3ed","defaultUrl":"https://eduportal-9d3ed.web.app","appId":"1:185373487881:web:86ee83d70d90ff1cadd9d8","type":"DEFAULT_SITE"}]}
[debug] [2025-08-23T20:50:26.399Z] Checked if tokens are valid: true, expires at: 1755985500385
[debug] [2025-08-23T20:50:26.399Z] Checked if tokens are valid: true, expires at: 1755985500385
[debug] [2025-08-23T20:50:26.400Z] >>> [apiv2][query] GET https://firebase.googleapis.com/v1beta1/projects/eduportal-9d3ed/webApps/1:185373487881:web:86ee83d70d90ff1cadd9d8/config [none]
[debug] [2025-08-23T20:50:27.997Z] <<< [apiv2][status] GET https://firebase.googleapis.com/v1beta1/projects/eduportal-9d3ed/webApps/1:185373487881:web:86ee83d70d90ff1cadd9d8/config 200
[debug] [2025-08-23T20:50:27.998Z] <<< [apiv2][body] GET https://firebase.googleapis.com/v1beta1/projects/eduportal-9d3ed/webApps/1:185373487881:web:86ee83d70d90ff1cadd9d8/config {"projectId":"eduportal-9d3ed","appId":"1:185373487881:web:86ee83d70d90ff1cadd9d8","storageBucket":"eduportal-9d3ed.firebasestorage.app","apiKey":"AIzaSyD7RxU1bYcpQ3IzQuSDwayRptcBDkdG6uo","authDomain":"eduportal-9d3ed.firebaseapp.com","messagingSenderId":"185373487881","measurementId":"G-XMB15XR9XR"}
[debug] [2025-08-23T20:50:28.059Z] Checked if tokens are valid: true, expires at: 1755985500385
[debug] [2025-08-23T20:50:28.059Z] Checked if tokens are valid: true, expires at: 1755985500385
[debug] [2025-08-23T20:50:28.061Z] >>> [apiv2][query] GET https://firebase.googleapis.com/v1beta1/projects/eduportal-9d3ed [none]
[debug] [2025-08-23T20:50:28.460Z] <<< [apiv2][status] GET https://firebase.googleapis.com/v1beta1/projects/eduportal-9d3ed 200
[debug] [2025-08-23T20:50:28.461Z] <<< [apiv2][body] GET https://firebase.googleapis.com/v1beta1/projects/eduportal-9d3ed {"projectId":"eduportal-9d3ed","projectNumber":"185373487881","displayName":"EduPortal","name":"projects/eduportal-9d3ed","resources":{"hostingSite":"eduportal-9d3ed"},"state":"ACTIVE","etag":"1_6a928c19-c325-4180-8d28-6ef96d73eb58"}
[info] i  hosting[eduportal-9d3ed]: Serving hosting files from: public {"metadata":{"emulator":{"name":"hosting"},"message":"Serving hosting files from: \u001b[1mpublic\u001b[22m"}}
[info] +  hosting[eduportal-9d3ed]: Local server: http://localhost:5000 {"metadata":{"emulator":{"name":"hosting"},"message":"Local server: \u001b[4m\u001b[1mhttp://localhost:5000\u001b[22m\u001b[24m"}}
[info] i  hosting: ::1 - - [23/Aug/2025:20:50:38 +0000] "GET / HTTP/1.1" 200 - "-" "Mozilla/5.0 (Windows NT 10.0; Win64; x64) AppleWebKit/537.36 (KHTML, like Gecko) Chrome/138.0.0.0 Safari/537.36" {"metadata":{"emulator":{"name":"hosting"},"message":"::1 - - [23/Aug/2025:20:50:38 +0000] \"GET / HTTP/1.1\" 200 - \"-\" \"Mozilla/5.0 (Windows NT 10.0; Win64; x64) AppleWebKit/537.36 (KHTML, like Gecko) Chrome/138.0.0.0 Safari/537.36\""}}
[info] i  hosting: ::1 - - [23/Aug/2025:20:50:39 +0000] "GET /%PUBLIC_URL%/manifest.json HTTP/1.1" 500 - "http://localhost:5000/" "Mozilla/5.0 (Windows NT 10.0; Win64; x64) AppleWebKit/537.36 (KHTML, like Gecko) Chrome/138.0.0.0 Safari/537.36" {"metadata":{"emulator":{"name":"hosting"},"message":"::1 - - [23/Aug/2025:20:50:39 +0000] \"GET /%PUBLIC_URL%/manifest.json HTTP/1.1\" 500 - \"http://localhost:5000/\" \"Mozilla/5.0 (Windows NT 10.0; Win64; x64) AppleWebKit/537.36 (KHTML, like Gecko) Chrome/138.0.0.0 Safari/537.36\""}}
[info] i  hosting: ::1 - - [23/Aug/2025:20:50:39 +0000] "GET /%PUBLIC_URL%/favicon.ico HTTP/1.1" 500 - "http://localhost:5000/" "Mozilla/5.0 (Windows NT 10.0; Win64; x64) AppleWebKit/537.36 (KHTML, like Gecko) Chrome/138.0.0.0 Safari/537.36" {"metadata":{"emulator":{"name":"hosting"},"message":"::1 - - [23/Aug/2025:20:50:39 +0000] \"GET /%PUBLIC_URL%/favicon.ico HTTP/1.1\" 500 - \"http://localhost:5000/\" \"Mozilla/5.0 (Windows NT 10.0; Win64; x64) AppleWebKit/537.36 (KHTML, like Gecko) Chrome/138.0.0.0 Safari/537.36\""}}
